2164 start_logger              154 ---- 2022/07/26 14:03:22.622 -------------------------------------------------
2164 start_logger              160 Host process is 'cmd.exe' (pid 8548)
2164 start_logger              164 DLL path is 'D:\kimgeunw\study\cmder\vendor\clink'
2164 start_logger              178 Windows version 10.0.19044 (x64)
2164 start_logger              181 Clink version 1.2.46.69fc92 (x64)
2164 hook_setter::hook_setter  156 >>> Started hook transaction.
2164 hook_setter::attach_iat   313 Attempting to hook SetEnvironmentVariableW in IAT for module 00007FF6D0840000.
2164 pe_info::iterate_imports  160 Found import in 'api-ms-win-core-processenvironment-l1-1-0.dll'
2164 find_iat                  121 Found import at 00007FF6D0873860 (value is 00007FFB8489C540).
2164 hook_setter::attach_iat   313 Attempting to hook WriteConsoleW in IAT for module 00007FF6D0840000.
2164 pe_info::iterate_imports  160 Found import in 'api-ms-win-core-console-l1-1-0.dll'
2164 find_iat                  121 Found import at 00007FF6D08734F8 (value is 00007FFB84841630).
2164 hook_setter::attach_iat   313 Attempting to hook GetEnvironmentVariableW in IAT for module 00007FF6D0840000.
2164 pe_info::iterate_imports  160 Found import in 'api-ms-win-core-processenvironment-l1-1-0.dll'
2164 find_iat                  121 Found import at 00007FF6D0873880 (value is 00007FFB8485ABD0).
2164 hook_setter::commit       204 <<< Hook transaction committed.
2164 hook_setter::hook_setter  156 >>> Started hook transaction.
2164 hook_setter::detach_iat   356 Attempting to unhook 00007FFB24E0ADF0 from GetEnvironmentVariableW in IAT for module 00007FF6D0840000.
2164 pe_info::iterate_imports  160 Found import in 'api-ms-win-core-processenvironment-l1-1-0.dll'
2164 find_iat                  121 Found import at 00007FF6D0873880 (value is 00007FFB24E0ADF0).
2164 hook_setter::commit       204 <<< Hook transaction committed.
2164 hook_setter::hook_setter  156 >>> Started hook transaction.
2164 hook_setter::attach_iat   313 Attempting to hook ReadConsoleW in IAT for module 00007FF6D0840000.
2164 pe_info::iterate_imports  160 Found import in 'api-ms-win-core-console-l1-1-0.dll'
2164 find_iat                  121 Found import at 00007FF6D08734E0 (value is 00007FFB84932CE0).
2164 hook_setter::commit       204 <<< Hook transaction committed.
2164 win_screen_buffer::begin  227 Using native terminal support; found 'ConEmuHk64.dll'.
2164 history_db::initialise   1268 master bank ctag: |CTAG_1658478503_2225484_5656_0
2164 history_db::compact      1492 History:  8 active, 5 deleted
